Training LSTM:
Epoch 1/100, Loss: 11.1140, Accuracy: 50.20%
Epoch 2/100, Loss: 10.9809, Accuracy: 53.15%
Epoch 3/100, Loss: 10.8555, Accuracy: 63.39%
Epoch 4/100, Loss: 10.6940, Accuracy: 66.54%
Epoch 5/100, Loss: 10.5034, Accuracy: 66.34%
Epoch 6/100, Loss: 10.2497, Accuracy: 68.11%
Epoch 7/100, Loss: 9.9666, Accuracy: 68.11%
Epoch 8/100, Loss: 9.6059, Accuracy: 69.49%
Epoch 9/100, Loss: 9.2318, Accuracy: 72.24%
Epoch 10/100, Loss: 8.9333, Accuracy: 72.44%
Epoch 11/100, Loss: 8.6569, Accuracy: 73.03%
Epoch 12/100, Loss: 8.3977, Accuracy: 75.39%
Epoch 13/100, Loss: 8.1379, Accuracy: 74.41%
Epoch 14/100, Loss: 7.9642, Accuracy: 76.77%
Epoch 15/100, Loss: 7.8734, Accuracy: 75.98%
Epoch 16/100, Loss: 7.6702, Accuracy: 77.17%
Epoch 17/100, Loss: 7.7514, Accuracy: 75.39%
Epoch 18/100, Loss: 7.5850, Accuracy: 77.17%
Epoch 19/100, Loss: 7.5617, Accuracy: 75.98%
Epoch 20/100, Loss: 7.4226, Accuracy: 78.15%
Epoch 21/100, Loss: 7.5075, Accuracy: 76.97%
Epoch 22/100, Loss: 7.5048, Accuracy: 77.36%
Epoch 23/100, Loss: 7.4046, Accuracy: 77.95%
Epoch 24/100, Loss: 7.3398, Accuracy: 77.95%
Epoch 25/100, Loss: 7.4832, Accuracy: 77.36%
Epoch 26/100, Loss: 7.4850, Accuracy: 75.98%
Epoch 27/100, Loss: 7.4213, Accuracy: 77.95%
Epoch 28/100, Loss: 7.2977, Accuracy: 76.77%
Epoch 29/100, Loss: 7.5858, Accuracy: 76.97%
Epoch 30/100, Loss: 7.3459, Accuracy: 77.56%
Epoch 31/100, Loss: 7.2325, Accuracy: 78.35%
Epoch 32/100, Loss: 7.2707, Accuracy: 78.54%
Epoch 33/100, Loss: 7.2276, Accuracy: 77.95%
Epoch 34/100, Loss: 7.2884, Accuracy: 77.95%
Epoch 35/100, Loss: 7.1988, Accuracy: 78.15%
Epoch 36/100, Loss: 7.4586, Accuracy: 75.79%
Epoch 37/100, Loss: 7.2004, Accuracy: 77.76%
Epoch 38/100, Loss: 7.1839, Accuracy: 77.95%
Epoch 39/100, Loss: 7.2329, Accuracy: 77.76%
Epoch 40/100, Loss: 7.1427, Accuracy: 79.53%
Epoch 41/100, Loss: 7.1731, Accuracy: 77.95%
Epoch 42/100, Loss: 7.1502, Accuracy: 77.56%
Epoch 43/100, Loss: 7.1288, Accuracy: 77.76%
Epoch 44/100, Loss: 7.1359, Accuracy: 78.54%
Epoch 45/100, Loss: 7.1238, Accuracy: 78.35%
Epoch 46/100, Loss: 7.2054, Accuracy: 76.97%
Epoch 47/100, Loss: 7.1203, Accuracy: 78.35%
Epoch 48/100, Loss: 7.3835, Accuracy: 77.17%
Epoch 49/100, Loss: 7.2707, Accuracy: 77.95%
Epoch 50/100, Loss: 7.2361, Accuracy: 76.97%
Epoch 51/100, Loss: 7.0951, Accuracy: 78.15%
Epoch 52/100, Loss: 7.1340, Accuracy: 78.15%
Epoch 53/100, Loss: 7.2218, Accuracy: 77.95%
Epoch 54/100, Loss: 7.2324, Accuracy: 78.15%
Epoch 55/100, Loss: 7.0971, Accuracy: 78.94%
Epoch 56/100, Loss: 6.9963, Accuracy: 78.74%
Epoch 57/100, Loss: 7.2087, Accuracy: 77.56%
Epoch 58/100, Loss: 7.1123, Accuracy: 77.95%
Epoch 59/100, Loss: 7.1489, Accuracy: 77.36%
Epoch 60/100, Loss: 7.1665, Accuracy: 79.53%
Epoch 61/100, Loss: 7.1416, Accuracy: 78.35%
Epoch 62/100, Loss: 7.0740, Accuracy: 77.56%
Epoch 63/100, Loss: 7.0588, Accuracy: 78.74%
Epoch 64/100, Loss: 6.9989, Accuracy: 78.54%
Epoch 65/100, Loss: 7.0566, Accuracy: 78.94%
Epoch 66/100, Loss: 7.0669, Accuracy: 78.94%
Epoch 67/100, Loss: 7.0830, Accuracy: 76.77%
Epoch 68/100, Loss: 7.0228, Accuracy: 79.13%
Epoch 69/100, Loss: 7.0671, Accuracy: 78.54%
Epoch 70/100, Loss: 7.0423, Accuracy: 78.54%
Epoch 71/100, Loss: 6.9995, Accuracy: 78.54%
Epoch 72/100, Loss: 7.0415, Accuracy: 77.36%
Epoch 73/100, Loss: 6.9850, Accuracy: 78.35%
Epoch 74/100, Loss: 7.0476, Accuracy: 78.94%
Epoch 75/100, Loss: 7.1303, Accuracy: 76.97%
Epoch 76/100, Loss: 7.0039, Accuracy: 77.17%
Epoch 77/100, Loss: 7.0273, Accuracy: 78.15%
Epoch 78/100, Loss: 7.0786, Accuracy: 78.54%
Epoch 79/100, Loss: 6.8723, Accuracy: 79.33%
Epoch 80/100, Loss: 7.0767, Accuracy: 79.33%
Epoch 81/100, Loss: 6.9391, Accuracy: 78.15%
Epoch 82/100, Loss: 7.0066, Accuracy: 78.15%
Epoch 83/100, Loss: 6.9837, Accuracy: 78.35%
Epoch 84/100, Loss: 6.9231, Accuracy: 78.54%
Epoch 85/100, Loss: 6.9615, Accuracy: 79.92%
Epoch 86/100, Loss: 7.0321, Accuracy: 77.56%
Epoch 87/100, Loss: 6.9743, Accuracy: 77.95%
Epoch 88/100, Loss: 6.9810, Accuracy: 77.17%
Epoch 89/100, Loss: 6.9824, Accuracy: 79.33%
Epoch 90/100, Loss: 7.0100, Accuracy: 77.17%
Epoch 91/100, Loss: 7.1991, Accuracy: 77.17%
Epoch 92/100, Loss: 6.9670, Accuracy: 78.35%
Epoch 93/100, Loss: 7.1809, Accuracy: 78.15%
Epoch 94/100, Loss: 7.0303, Accuracy: 78.94%
Epoch 95/100, Loss: 6.9725, Accuracy: 78.35%
Epoch 96/100, Loss: 6.9606, Accuracy: 80.12%
Epoch 97/100, Loss: 6.9231, Accuracy: 78.54%
Epoch 98/100, Loss: 6.8439, Accuracy: 80.31%
Epoch 99/100, Loss: 7.0018, Accuracy: 78.94%
Epoch 100/100, Loss: 6.9040, Accuracy: 78.54%
Classification Report:
              precision    recall  f1-score   support

           0     0.5455    0.5714    0.5581        42
           1     0.7632    0.7436    0.7532        78

    accuracy                         0.6833       120
   macro avg     0.6543    0.6575    0.6557       120
weighted avg     0.6870    0.6833    0.6850       120